# JRE version: OpenJDK Runtime Environment Temurin-11.0.22+7 (11.0.22+7) (build 11.0.22+7)
# Java VM: OpenJDK 64-Bit Server VM Temurin-11.0.22+7 (11.0.22+7, mixed mode, tiered, compressed oops, g1 gc, windows-amd64)
Heap:
 garbage-first heap   total 675840K, used 165866K [0x0000000080000000, 0x0000000100000000)
  region size 1024K, 10 young (10240K), 10 survivors (10240K)
 Metaspace       used 105870K, capacity 109047K, committed 109392K, reserved 1144832K
  class space    used 13711K, capacity 14986K, committed 15104K, reserved 1048576K
GC Heap History (20 events):
Event: 35.182 GC heap after
{Heap after GC invocations=46 (full 0):
 garbage-first heap   total 183296K, used 137614K [0x0000000080000000, 0x0000000100000000)
  region size 1024K, 4 young (4096K), 4 survivors (4096K)
 Metaspace       used 98251K, capacity 100974K, committed 101456K, reserved 1136640K
  class space    used 12596K, capacity 13601K, committed 13824K, reserved 1048576K
}
Event: 35.260 GC heap before
{Heap before GC invocations=46 (full 0):
 garbage-first heap   total 183296K, used 153998K [0x0000000080000000, 0x0000000100000000)
  region size 1024K, 20 young (20480K), 4 survivors (4096K)
 Metaspace       used 98603K, capacity 101333K, committed 101712K, reserved 1136640K
  class space    used 12628K, capacity 13633K, committed 13824K, reserved 1048576K
}
Event: 35.297 GC heap after
{Heap after GC invocations=47 (full 0):
 garbage-first heap   total 183296K, used 141458K [0x0000000080000000, 0x0000000100000000)
  region size 1024K, 3 young (3072K), 3 survivors (3072K)
 Metaspace       used 98603K, capacity 101333K, committed 101712K, reserved 1136640K
  class space    used 12628K, capacity 13633K, committed 13824K, reserved 1048576K
}
Event: 35.518 GC heap before
{Heap before GC invocations=47 (full 0):
 garbage-first heap   total 183296K, used 155794K [0x0000000080000000, 0x0000000100000000)
  region size 1024K, 17 young (17408K), 3 survivors (3072K)
 Metaspace       used 99348K, capacity 102029K, committed 102608K, reserved 1138688K
  class space    used 12712K, capacity 13729K, committed 13952K, reserved 1048576K
}
Event: 35.539 GC heap after
{Heap after GC invocations=48 (full 0):
 garbage-first heap   total 222208K, used 144047K [0x0000000080000000, 0x0000000100000000)
  region size 1024K, 3 young (3072K), 3 survivors (3072K)
 Metaspace       used 99348K, capacity 102029K, committed 102608K, reserved 1138688K
  class space    used 12712K, capacity 13729K, committed 13952K, reserved 1048576K
}
Event: 35.755 GC heap before
{Heap before GC invocations=49 (full 0):
 garbage-first heap   total 222208K, used 170671K [0x0000000080000000, 0x0000000100000000)
  region size 1024K, 29 young (29696K), 3 survivors (3072K)
 Metaspace       used 99944K, capacity 102893K, committed 102992K, reserved 1138688K
  class space    used 12895K, capacity 14050K, committed 14080K, reserved 1048576K
}
Event: 35.792 GC heap after
{Heap after GC invocations=50 (full 0):
 garbage-first heap   total 222208K, used 148630K [0x0000000080000000, 0x0000000100000000)
  region size 1024K, 4 young (4096K), 4 survivors (4096K)
 Metaspace       used 99944K, capacity 102893K, committed 102992K, reserved 1138688K
  class space    used 12895K, capacity 14050K, committed 14080K, reserved 1048576K
}
Event: 35.870 GC heap before
{Heap before GC invocations=50 (full 0):
 garbage-first heap   total 222208K, used 175254K [0x0000000080000000, 0x0000000100000000)
  region size 1024K, 30 young (30720K), 4 survivors (4096K)
 Metaspace       used 100113K, capacity 103027K, committed 103248K, reserved 1138688K
  class space    used 12926K, capacity 14073K, committed 14080K, reserved 1048576K
}
Event: 35.915 GC heap after
{Heap after GC invocations=51 (full 0):
 garbage-first heap   total 222208K, used 153238K [0x0000000080000000, 0x0000000100000000)
  region size 1024K, 4 young (4096K), 4 survivors (4096K)
 Metaspace       used 100113K, capacity 103027K, committed 103248K, reserved 1138688K
  class space    used 12926K, capacity 14073K, committed 14080K, reserved 1048576K
}
Event: 36.631 GC heap before
{Heap before GC invocations=52 (full 0):
 garbage-first heap   total 222208K, used 177814K [0x0000000080000000, 0x0000000100000000)
  region size 1024K, 29 young (29696K), 4 survivors (4096K)
 Metaspace       used 102206K, capacity 105324K, committed 105552K, reserved 1140736K
  class space    used 13328K, capacity 14565K, committed 14592K, reserved 1048576K
}
Event: 36.678 GC heap after
{Heap after GC invocations=53 (full 0):
 garbage-first heap   total 222208K, used 157005K [0x0000000080000000, 0x0000000100000000)
  region size 1024K, 4 young (4096K), 4 survivors (4096K)
 Metaspace       used 102206K, capacity 105324K, committed 105552K, reserved 1140736K
  class space    used 13328K, capacity 14565K, committed 14592K, reserved 1048576K
}
Event: 36.821 GC heap before
{Heap before GC invocations=53 (full 0):
 garbage-first heap   total 222208K, used 163149K [0x0000000080000000, 0x0000000100000000)
  region size 1024K, 10 young (10240K), 4 survivors (4096K)
 Metaspace       used 102889K, capacity 106029K, committed 106192K, reserved 1140736K
  class space    used 13456K, capacity 14692K, committed 14720K, reserved 1048576K
}
Event: 36.846 GC heap after
{Heap after GC invocations=54 (full 0):
 garbage-first heap   total 444416K, used 157126K [0x0000000080000000, 0x0000000100000000)
  region size 1024K, 1 young (1024K), 1 survivors (1024K)
 Metaspace       used 102889K, capacity 106029K, committed 106192K, reserved 1140736K
  class space    used 13456K, capacity 14692K, committed 14720K, reserved 1048576K
}
Event: 37.671 GC heap before
{Heap before GC invocations=54 (full 0):
 garbage-first heap   total 444416K, used 248262K [0x0000000080000000, 0x0000000100000000)
  region size 1024K, 90 young (92160K), 1 survivors (1024K)
 Metaspace       used 104804K, capacity 107937K, committed 107984K, reserved 1142784K
  class space    used 13673K, capacity 14931K, committed 14976K, reserved 1048576K
}
Event: 37.689 GC heap after
{Heap after GC invocations=55 (full 0):
 garbage-first heap   total 444416K, used 159457K [0x0000000080000000, 0x0000000100000000)
  region size 1024K, 4 young (4096K), 4 survivors (4096K)
 Metaspace       used 104804K, capacity 107937K, committed 107984K, reserved 1142784K
  class space    used 13673K, capacity 14931K, committed 14976K, reserved 1048576K
}
Event: 38.326 GC heap before
{Heap before GC invocations=55 (full 0):
 garbage-first heap   total 444416K, used 276193K [0x0000000080000000, 0x0000000100000000)
  region size 1024K, 119 young (121856K), 4 survivors (4096K)
 Metaspace       used 105093K, capacity 108324K, committed 108496K, reserved 1142784K
  class space    used 13693K, capacity 14973K, committed 14976K, reserved 1048576K
}
Event: 38.342 GC heap after
{Heap after GC invocations=56 (full 0):
 garbage-first heap   total 444416K, used 161793K [0x0000000080000000, 0x0000000100000000)
  region size 1024K, 6 young (6144K), 6 survivors (6144K)
 Metaspace       used 105093K, capacity 108324K, committed 108496K, reserved 1142784K
  class space    used 13693K, capacity 14973K, committed 14976K, reserved 1048576K
}
Event: 39.129 GC heap before
{Heap before GC invocations=56 (full 0):
 garbage-first heap   total 444416K, used 316417K [0x0000000080000000, 0x0000000100000000)
  region size 1024K, 157 young (160768K), 6 survivors (6144K)
 Metaspace       used 105431K, capacity 108613K, committed 108752K, reserved 1142784K
  class space    used 13700K, capacity 14976K, committed 14976K, reserved 1048576K
}
Event: 39.228 GC heap after
{Heap after GC invocations=57 (full 0):
 garbage-first heap   total 444416K, used 164025K [0x0000000080000000, 0x0000000100000000)
  region size 1024K, 8 young (8192K), 8 survivors (8192K)
 Metaspace       used 105431K, capacity 108613K, committed 108752K, reserved 1142784K
  class space    used 13700K, capacity 14976K, committed 14976K, reserved 1048576K
}
Event: 39.664 GC heap before
{Heap before GC invocations=57 (full 0):
 garbage-first heap   total 444416K, used 334009K [0x0000000080000000, 0x0000000100000000)
  region size 1024K, 175 young (179200K), 8 survivors (8192K)
 Metaspace       used 105870K, capacity 109047K, committed 109392K, reserved 1144832K
  class space    used 13711K, capacity 14986K, committed 15104K, reserved 1048576K
}

