# JRE version: OpenJDK Runtime Environment Temurin-11.0.22+7 (11.0.22+7) (build 11.0.22+7)
# Java VM: OpenJDK 64-Bit Server VM Temurin-11.0.22+7 (11.0.22+7, mixed mode, tiered, compressed oops, g1 gc, windows-amd64)
Heap:
 garbage-first heap   total 709632K, used 280262K [0x0000000080000000, 0x0000000100000000)
  region size 1024K, 4 young (4096K), 4 survivors (4096K)
 Metaspace       used 140098K, capacity 144679K, committed 144944K, reserved 1175552K
  class space    used 17320K, capacity 19026K, committed 19072K, reserved 1048576K
GC Heap History (20 events):
Event: 231.462 GC heap after
{Heap after GC invocations=143 (full 0):
 garbage-first heap   total 362496K, used 250546K [0x0000000080000000, 0x0000000100000000)
  region size 1024K, 10 young (10240K), 10 survivors (10240K)
 Metaspace       used 139084K, capacity 143646K, committed 143792K, reserved 1173504K
  class space    used 17254K, capacity 18911K, committed 18944K, reserved 1048576K
}
Event: 231.800 GC heap before
{Heap before GC invocations=143 (full 0):
 garbage-first heap   total 362496K, used 303794K [0x0000000080000000, 0x0000000100000000)
  region size 1024K, 62 young (63488K), 10 survivors (10240K)
 Metaspace       used 139219K, capacity 143859K, committed 144176K, reserved 1175552K
  class space    used 17279K, capacity 18982K, committed 19072K, reserved 1048576K
}
Event: 231.817 GC heap after
{Heap after GC invocations=144 (full 0):
 garbage-first heap   total 362496K, used 255149K [0x0000000080000000, 0x0000000100000000)
  region size 1024K, 5 young (5120K), 5 survivors (5120K)
 Metaspace       used 139219K, capacity 143859K, committed 144176K, reserved 1175552K
  class space    used 17279K, capacity 18982K, committed 19072K, reserved 1048576K
}
Event: 232.006 GC heap before
{Heap before GC invocations=144 (full 0):
 garbage-first heap   total 362496K, used 304301K [0x0000000080000000, 0x0000000100000000)
  region size 1024K, 54 young (55296K), 5 survivors (5120K)
 Metaspace       used 139354K, capacity 143930K, committed 144176K, reserved 1175552K
  class space    used 17304K, capacity 18983K, committed 19072K, reserved 1048576K
}
Event: 232.015 GC heap after
{Heap after GC invocations=145 (full 0):
 garbage-first heap   total 362496K, used 257613K [0x0000000080000000, 0x0000000100000000)
  region size 1024K, 3 young (3072K), 3 survivors (3072K)
 Metaspace       used 139354K, capacity 143930K, committed 144176K, reserved 1175552K
  class space    used 17304K, capacity 18983K, committed 19072K, reserved 1048576K
}
Event: 232.151 GC heap before
{Heap before GC invocations=145 (full 0):
 garbage-first heap   total 362496K, used 308813K [0x0000000080000000, 0x0000000100000000)
  region size 1024K, 53 young (54272K), 3 survivors (3072K)
 Metaspace       used 139380K, capacity 143968K, committed 144176K, reserved 1175552K
  class space    used 17312K, capacity 19016K, committed 19072K, reserved 1048576K
}
Event: 232.158 GC heap after
{Heap after GC invocations=146 (full 0):
 garbage-first heap   total 362496K, used 259274K [0x0000000080000000, 0x0000000100000000)
  region size 1024K, 5 young (5120K), 5 survivors (5120K)
 Metaspace       used 139380K, capacity 143968K, committed 144176K, reserved 1175552K
  class space    used 17312K, capacity 19016K, committed 19072K, reserved 1048576K
}
Event: 232.279 GC heap before
{Heap before GC invocations=146 (full 0):
 garbage-first heap   total 362496K, used 310474K [0x0000000080000000, 0x0000000100000000)
  region size 1024K, 55 young (56320K), 5 survivors (5120K)
 Metaspace       used 139383K, capacity 143968K, committed 144176K, reserved 1175552K
  class space    used 17312K, capacity 19016K, committed 19072K, reserved 1048576K
}
Event: 232.288 GC heap after
{Heap after GC invocations=147 (full 0):
 garbage-first heap   total 362496K, used 260784K [0x0000000080000000, 0x0000000100000000)
  region size 1024K, 4 young (4096K), 4 survivors (4096K)
 Metaspace       used 139383K, capacity 143968K, committed 144176K, reserved 1175552K
  class space    used 17312K, capacity 19016K, committed 19072K, reserved 1048576K
}
Event: 232.576 GC heap before
{Heap before GC invocations=147 (full 0):
 garbage-first heap   total 362496K, used 311984K [0x0000000080000000, 0x0000000100000000)
  region size 1024K, 55 young (56320K), 4 survivors (4096K)
 Metaspace       used 139588K, capacity 144191K, committed 144432K, reserved 1175552K
  class space    used 17315K, capacity 19022K, committed 19072K, reserved 1048576K
}
Event: 232.586 GC heap after
{Heap after GC invocations=148 (full 0):
 garbage-first heap   total 362496K, used 264095K [0x0000000080000000, 0x0000000100000000)
  region size 1024K, 7 young (7168K), 7 survivors (7168K)
 Metaspace       used 139588K, capacity 144191K, committed 144432K, reserved 1175552K
  class space    used 17315K, capacity 19022K, committed 19072K, reserved 1048576K
}
Event: 232.893 GC heap before
{Heap before GC invocations=148 (full 0):
 garbage-first heap   total 362496K, used 313247K [0x0000000080000000, 0x0000000100000000)
  region size 1024K, 55 young (56320K), 7 survivors (7168K)
 Metaspace       used 139690K, capacity 144331K, committed 144432K, reserved 1175552K
  class space    used 17315K, capacity 19022K, committed 19072K, reserved 1048576K
}
Event: 232.995 GC heap after
{Heap after GC invocations=149 (full 0):
 garbage-first heap   total 362496K, used 267587K [0x0000000080000000, 0x0000000100000000)
  region size 1024K, 5 young (5120K), 5 survivors (5120K)
 Metaspace       used 139690K, capacity 144331K, committed 144432K, reserved 1175552K
  class space    used 17315K, capacity 19022K, committed 19072K, reserved 1048576K
}
Event: 233.161 GC heap before
{Heap before GC invocations=149 (full 0):
 garbage-first heap   total 362496K, used 312643K [0x0000000080000000, 0x0000000100000000)
  region size 1024K, 49 young (50176K), 5 survivors (5120K)
 Metaspace       used 139827K, capacity 144464K, committed 144688K, reserved 1175552K
  class space    used 17318K, capacity 19022K, committed 19072K, reserved 1048576K
}
Event: 233.168 GC heap after
{Heap after GC invocations=150 (full 0):
 garbage-first heap   total 362496K, used 268263K [0x0000000080000000, 0x0000000100000000)
  region size 1024K, 2 young (2048K), 2 survivors (2048K)
 Metaspace       used 139827K, capacity 144464K, committed 144688K, reserved 1175552K
  class space    used 17318K, capacity 19022K, committed 19072K, reserved 1048576K
}
Event: 233.294 GC heap before
{Heap before GC invocations=150 (full 0):
 garbage-first heap   total 362496K, used 315367K [0x0000000080000000, 0x0000000100000000)
  region size 1024K, 48 young (49152K), 2 survivors (2048K)
 Metaspace       used 139871K, capacity 144465K, committed 144688K, reserved 1175552K
  class space    used 17318K, capacity 19022K, committed 19072K, reserved 1048576K
}
Event: 233.313 GC heap after
{Heap after GC invocations=151 (full 0):
 garbage-first heap   total 362496K, used 271796K [0x0000000080000000, 0x0000000100000000)
  region size 1024K, 6 young (6144K), 6 survivors (6144K)
 Metaspace       used 139871K, capacity 144465K, committed 144688K, reserved 1175552K
  class space    used 17318K, capacity 19022K, committed 19072K, reserved 1048576K
}
Event: 233.439 GC heap before
{Heap before GC invocations=151 (full 0):
 garbage-first heap   total 362496K, used 314804K [0x0000000080000000, 0x0000000100000000)
  region size 1024K, 48 young (49152K), 6 survivors (6144K)
 Metaspace       used 139960K, capacity 144596K, committed 144688K, reserved 1175552K
  class space    used 17318K, capacity 19022K, committed 19072K, reserved 1048576K
}
Event: 233.450 GC heap after
{Heap after GC invocations=152 (full 0):
 garbage-first heap   total 362496K, used 276644K [0x0000000080000000, 0x0000000100000000)
  region size 1024K, 6 young (6144K), 6 survivors (6144K)
 Metaspace       used 139960K, capacity 144596K, committed 144688K, reserved 1175552K
  class space    used 17318K, capacity 19022K, committed 19072K, reserved 1048576K
}
Event: 233.588 GC heap before
{Heap before GC invocations=152 (full 0):
 garbage-first heap   total 362496K, used 314532K [0x0000000080000000, 0x0000000100000000)
  region size 1024K, 43 young (44032K), 6 survivors (6144K)
 Metaspace       used 140098K, capacity 144679K, committed 144944K, reserved 1175552K
  class space    used 17320K, capacity 19026K, committed 19072K, reserved 1048576K
}

