# JRE version: OpenJDK Runtime Environment Temurin-11.0.22+7 (11.0.22+7) (build 11.0.22+7)
# Java VM: OpenJDK 64-Bit Server VM Temurin-11.0.22+7 (11.0.22+7, mixed mode, tiered, compressed oops, g1 gc, windows-amd64)
Heap:
 garbage-first heap   total 317440K, used 179871K [0x0000000080000000, 0x0000000100000000)
  region size 1024K, 36 young (36864K), 7 survivors (7168K)
 Metaspace       used 101114K, capacity 103930K, committed 104624K, reserved 1140736K
  class space    used 12805K, capacity 13860K, committed 14080K, reserved 1048576K
GC Heap History (20 events):
Event: 28.262 GC heap before
{Heap before GC invocations=66 (full 0):
 garbage-first heap   total 234496K, used 199030K [0x0000000080000000, 0x0000000100000000)
  region size 1024K, 60 young (61440K), 6 survivors (6144K)
 Metaspace       used 96409K, capacity 99102K, committed 100272K, reserved 1136640K
  class space    used 12191K, capacity 13171K, committed 13568K, reserved 1048576K
}
Event: 28.265 GC heap after
{Heap after GC invocations=67 (full 0):
 garbage-first heap   total 234496K, used 146863K [0x0000000080000000, 0x0000000100000000)
  region size 1024K, 7 young (7168K), 7 survivors (7168K)
 Metaspace       used 96409K, capacity 99102K, committed 100272K, reserved 1136640K
  class space    used 12191K, capacity 13171K, committed 13568K, reserved 1048576K
}
Event: 28.384 GC heap before
{Heap before GC invocations=67 (full 0):
 garbage-first heap   total 234496K, used 200111K [0x0000000080000000, 0x0000000100000000)
  region size 1024K, 59 young (60416K), 7 survivors (7168K)
 Metaspace       used 96409K, capacity 99102K, committed 100272K, reserved 1136640K
  class space    used 12191K, capacity 13171K, committed 13568K, reserved 1048576K
}
Event: 28.387 GC heap after
{Heap after GC invocations=68 (full 0):
 garbage-first heap   total 234496K, used 147870K [0x0000000080000000, 0x0000000100000000)
  region size 1024K, 5 young (5120K), 5 survivors (5120K)
 Metaspace       used 96409K, capacity 99102K, committed 100272K, reserved 1136640K
  class space    used 12191K, capacity 13171K, committed 13568K, reserved 1048576K
}
Event: 28.499 GC heap before
{Heap before GC invocations=69 (full 0):
 garbage-first heap   total 234496K, used 202142K [0x0000000080000000, 0x0000000100000000)
  region size 1024K, 58 young (59392K), 5 survivors (5120K)
 Metaspace       used 96409K, capacity 99102K, committed 100272K, reserved 1136640K
  class space    used 12191K, capacity 13171K, committed 13568K, reserved 1048576K
}
Event: 28.518 GC heap after
{Heap after GC invocations=70 (full 0):
 garbage-first heap   total 234496K, used 147887K [0x0000000080000000, 0x0000000100000000)
  region size 1024K, 2 young (2048K), 2 survivors (2048K)
 Metaspace       used 96409K, capacity 99102K, committed 100272K, reserved 1136640K
  class space    used 12191K, capacity 13171K, committed 13568K, reserved 1048576K
}
Event: 28.648 GC heap before
{Heap before GC invocations=70 (full 0):
 garbage-first heap   total 234496K, used 201135K [0x0000000080000000, 0x0000000100000000)
  region size 1024K, 55 young (56320K), 2 survivors (2048K)
 Metaspace       used 96411K, capacity 99102K, committed 100272K, reserved 1136640K
  class space    used 12191K, capacity 13171K, committed 13568K, reserved 1048576K
}
Event: 28.673 GC heap after
{Heap after GC invocations=71 (full 0):
 garbage-first heap   total 317440K, used 149450K [0x0000000080000000, 0x0000000100000000)
  region size 1024K, 4 young (4096K), 4 survivors (4096K)
 Metaspace       used 96411K, capacity 99102K, committed 100272K, reserved 1136640K
  class space    used 12191K, capacity 13171K, committed 13568K, reserved 1048576K
}
Event: 31.210 GC heap before
{Heap before GC invocations=72 (full 0):
 garbage-first heap   total 317440K, used 239562K [0x0000000080000000, 0x0000000100000000)
  region size 1024K, 97 young (99328K), 4 survivors (4096K)
 Metaspace       used 97687K, capacity 100466K, committed 101808K, reserved 1136640K
  class space    used 12330K, capacity 13355K, committed 13824K, reserved 1048576K
}
Event: 31.336 GC heap after
{Heap after GC invocations=73 (full 0):
 garbage-first heap   total 317440K, used 148389K [0x0000000080000000, 0x0000000100000000)
  region size 1024K, 7 young (7168K), 7 survivors (7168K)
 Metaspace       used 97687K, capacity 100466K, committed 101808K, reserved 1136640K
  class space    used 12330K, capacity 13355K, committed 13824K, reserved 1048576K
}
Event: 34.718 GC heap before
{Heap before GC invocations=73 (full 0):
 garbage-first heap   total 317440K, used 152485K [0x0000000080000000, 0x0000000100000000)
  region size 1024K, 12 young (12288K), 7 survivors (7168K)
 Metaspace       used 97723K, capacity 100539K, committed 101808K, reserved 1136640K
  class space    used 12333K, capacity 13358K, committed 13824K, reserved 1048576K
}
Event: 34.725 GC heap after
{Heap after GC invocations=74 (full 0):
 garbage-first heap   total 317440K, used 148737K [0x0000000080000000, 0x0000000100000000)
  region size 1024K, 7 young (7168K), 7 survivors (7168K)
 Metaspace       used 97723K, capacity 100539K, committed 101808K, reserved 1136640K
  class space    used 12333K, capacity 13358K, committed 13824K, reserved 1048576K
}
Event: 37.392 GC heap before
{Heap before GC invocations=75 (full 0):
 garbage-first heap   total 317440K, used 264449K [0x0000000080000000, 0x0000000100000000)
  region size 1024K, 118 young (120832K), 7 survivors (7168K)
 Metaspace       used 97732K, capacity 100551K, committed 101808K, reserved 1136640K
  class space    used 12336K, capacity 13362K, committed 13824K, reserved 1048576K
}
Event: 37.397 GC heap after
{Heap after GC invocations=76 (full 0):
 garbage-first heap   total 317440K, used 152528K [0x0000000080000000, 0x0000000100000000)
  region size 1024K, 9 young (9216K), 9 survivors (9216K)
 Metaspace       used 97732K, capacity 100551K, committed 101808K, reserved 1136640K
  class space    used 12336K, capacity 13362K, committed 13824K, reserved 1048576K
}
Event: 39.200 GC heap before
{Heap before GC invocations=76 (full 0):
 garbage-first heap   total 317440K, used 182224K [0x0000000080000000, 0x0000000100000000)
  region size 1024K, 39 young (39936K), 9 survivors (9216K)
 Metaspace       used 97771K, capacity 100551K, committed 101808K, reserved 1136640K
  class space    used 12340K, capacity 13362K, committed 13824K, reserved 1048576K
}
Event: 39.208 GC heap after
{Heap after GC invocations=77 (full 0):
 garbage-first heap   total 317440K, used 148858K [0x0000000080000000, 0x0000000100000000)
  region size 1024K, 5 young (5120K), 5 survivors (5120K)
 Metaspace       used 97771K, capacity 100551K, committed 101808K, reserved 1136640K
  class space    used 12340K, capacity 13362K, committed 13824K, reserved 1048576K
}
Event: 41.403 GC heap before
{Heap before GC invocations=78 (full 0):
 garbage-first heap   total 317440K, used 270714K [0x0000000080000000, 0x0000000100000000)
  region size 1024K, 123 young (125952K), 5 survivors (5120K)
 Metaspace       used 98024K, capacity 100842K, committed 102064K, reserved 1138688K
  class space    used 12356K, capacity 13395K, committed 13824K, reserved 1048576K
}
Event: 41.410 GC heap after
{Heap after GC invocations=79 (full 0):
 garbage-first heap   total 317440K, used 151065K [0x0000000080000000, 0x0000000100000000)
  region size 1024K, 6 young (6144K), 6 survivors (6144K)
 Metaspace       used 98024K, capacity 100842K, committed 102064K, reserved 1138688K
  class space    used 12356K, capacity 13395K, committed 13824K, reserved 1048576K
}
Event: 43.755 GC heap before
{Heap before GC invocations=79 (full 0):
 garbage-first heap   total 317440K, used 269849K [0x0000000080000000, 0x0000000100000000)
  region size 1024K, 122 young (124928K), 6 survivors (6144K)
 Metaspace       used 98039K, capacity 100842K, committed 102064K, reserved 1138688K
  class space    used 12357K, capacity 13395K, committed 13824K, reserved 1048576K
}
Event: 43.760 GC heap after
{Heap after GC invocations=80 (full 0):
 garbage-first heap   total 317440K, used 151199K [0x0000000080000000, 0x0000000100000000)
  region size 1024K, 7 young (7168K), 7 survivors (7168K)
 Metaspace       used 98039K, capacity 100842K, committed 102064K, reserved 1138688K
  class space    used 12357K, capacity 13395K, committed 13824K, reserved 1048576K
}

