# JRE version: OpenJDK Runtime Environment Temurin-11.0.22+7 (11.0.22+7) (build 11.0.22+7)
# Java VM: OpenJDK 64-Bit Server VM Temurin-11.0.22+7 (11.0.22+7, mixed mode, tiered, compressed oops, g1 gc, windows-amd64)
Heap:
 garbage-first heap   total 440320K, used 154215K [0x0000000080000000, 0x0000000100000000)
  region size 1024K, 4 young (4096K), 4 survivors (4096K)
 Metaspace       used 102488K, capacity 105350K, committed 106192K, reserved 1140736K
  class space    used 12884K, capacity 13881K, committed 14208K, reserved 1048576K
GC Heap History (20 events):
Event: 68.409 GC heap after
{Heap after GC invocations=89 (full 0):
 garbage-first heap   total 220160K, used 138746K [0x0000000080000000, 0x0000000100000000)
  region size 1024K, 3 young (3072K), 3 survivors (3072K)
 Metaspace       used 102066K, capacity 105060K, committed 105936K, reserved 1140736K
  class space    used 12856K, capacity 13878K, committed 14208K, reserved 1048576K
}
Event: 68.940 GC heap before
{Heap before GC invocations=89 (full 0):
 garbage-first heap   total 220160K, used 175610K [0x0000000080000000, 0x0000000100000000)
  region size 1024K, 41 young (41984K), 3 survivors (3072K)
 Metaspace       used 102297K, capacity 105224K, committed 105936K, reserved 1140736K
  class space    used 12871K, capacity 13882K, committed 14208K, reserved 1048576K
}
Event: 68.945 GC heap after
{Heap after GC invocations=90 (full 0):
 garbage-first heap   total 220160K, used 139280K [0x0000000080000000, 0x0000000100000000)
  region size 1024K, 4 young (4096K), 4 survivors (4096K)
 Metaspace       used 102297K, capacity 105224K, committed 105936K, reserved 1140736K
  class space    used 12871K, capacity 13882K, committed 14208K, reserved 1048576K
}
Event: 69.202 GC heap before
{Heap before GC invocations=91 (full 0):
 garbage-first heap   total 220160K, used 186384K [0x0000000080000000, 0x0000000100000000)
  region size 1024K, 49 young (50176K), 4 survivors (4096K)
 Metaspace       used 102310K, capacity 105225K, committed 105936K, reserved 1140736K
  class space    used 12871K, capacity 13882K, committed 14208K, reserved 1048576K
}
Event: 69.213 GC heap after
{Heap after GC invocations=92 (full 0):
 garbage-first heap   total 220160K, used 143325K [0x0000000080000000, 0x0000000100000000)
  region size 1024K, 7 young (7168K), 7 survivors (7168K)
 Metaspace       used 102310K, capacity 105225K, committed 105936K, reserved 1140736K
  class space    used 12871K, capacity 13882K, committed 14208K, reserved 1048576K
}
Event: 69.402 GC heap before
{Heap before GC invocations=92 (full 0):
 garbage-first heap   total 220160K, used 176093K [0x0000000080000000, 0x0000000100000000)
  region size 1024K, 41 young (41984K), 7 survivors (7168K)
 Metaspace       used 102312K, capacity 105225K, committed 105936K, reserved 1140736K
  class space    used 12871K, capacity 13882K, committed 14208K, reserved 1048576K
}
Event: 69.438 GC heap after
{Heap after GC invocations=93 (full 0):
 garbage-first heap   total 220160K, used 143967K [0x0000000080000000, 0x0000000100000000)
  region size 1024K, 1 young (1024K), 1 survivors (1024K)
 Metaspace       used 102312K, capacity 105225K, committed 105936K, reserved 1140736K
  class space    used 12871K, capacity 13882K, committed 14208K, reserved 1048576K
}
Event: 69.599 GC heap before
{Heap before GC invocations=93 (full 0):
 garbage-first heap   total 220160K, used 186975K [0x0000000080000000, 0x0000000100000000)
  region size 1024K, 41 young (41984K), 1 survivors (1024K)
 Metaspace       used 102316K, capacity 105225K, committed 105936K, reserved 1140736K
  class space    used 12871K, capacity 13882K, committed 14208K, reserved 1048576K
}
Event: 69.601 GC heap after
{Heap after GC invocations=94 (full 0):
 garbage-first heap   total 220160K, used 147828K [0x0000000080000000, 0x0000000100000000)
  region size 1024K, 3 young (3072K), 3 survivors (3072K)
 Metaspace       used 102316K, capacity 105225K, committed 105936K, reserved 1140736K
  class space    used 12871K, capacity 13882K, committed 14208K, reserved 1048576K
}
Event: 69.745 GC heap before
{Heap before GC invocations=94 (full 0):
 garbage-first heap   total 220160K, used 190836K [0x0000000080000000, 0x0000000100000000)
  region size 1024K, 42 young (43008K), 3 survivors (3072K)
 Metaspace       used 102349K, capacity 105289K, committed 106192K, reserved 1140736K
  class space    used 12872K, capacity 13882K, committed 14208K, reserved 1048576K
}
Event: 69.748 GC heap after
{Heap after GC invocations=95 (full 0):
 garbage-first heap   total 220160K, used 149395K [0x0000000080000000, 0x0000000100000000)
  region size 1024K, 4 young (4096K), 4 survivors (4096K)
 Metaspace       used 102349K, capacity 105289K, committed 106192K, reserved 1140736K
  class space    used 12872K, capacity 13882K, committed 14208K, reserved 1048576K
}
Event: 69.779 GC heap before
{Heap before GC invocations=96 (full 0):
 garbage-first heap   total 220160K, used 167827K [0x0000000080000000, 0x0000000100000000)
  region size 1024K, 24 young (24576K), 4 survivors (4096K)
 Metaspace       used 102359K, capacity 105289K, committed 106192K, reserved 1140736K
  class space    used 12873K, capacity 13882K, committed 14208K, reserved 1048576K
}
Event: 69.782 GC heap after
{Heap after GC invocations=97 (full 0):
 garbage-first heap   total 220160K, used 148537K [0x0000000080000000, 0x0000000100000000)
  region size 1024K, 5 young (5120K), 5 survivors (5120K)
 Metaspace       used 102359K, capacity 105289K, committed 106192K, reserved 1140736K
  class space    used 12873K, capacity 13882K, committed 14208K, reserved 1048576K
}
Event: 69.841 GC heap before
{Heap before GC invocations=97 (full 0):
 garbage-first heap   total 220160K, used 186425K [0x0000000080000000, 0x0000000100000000)
  region size 1024K, 42 young (43008K), 5 survivors (5120K)
 Metaspace       used 102365K, capacity 105289K, committed 106192K, reserved 1140736K
  class space    used 12873K, capacity 13882K, committed 14208K, reserved 1048576K
}
Event: 69.869 GC heap after
{Heap after GC invocations=98 (full 0):
 garbage-first heap   total 220160K, used 150349K [0x0000000080000000, 0x0000000100000000)
  region size 1024K, 5 young (5120K), 5 survivors (5120K)
 Metaspace       used 102365K, capacity 105289K, committed 106192K, reserved 1140736K
  class space    used 12873K, capacity 13882K, committed 14208K, reserved 1048576K
}
Event: 69.987 GC heap before
{Heap before GC invocations=98 (full 0):
 garbage-first heap   total 220160K, used 187213K [0x0000000080000000, 0x0000000100000000)
  region size 1024K, 41 young (41984K), 5 survivors (5120K)
 Metaspace       used 102413K, capacity 105289K, committed 106192K, reserved 1140736K
  class space    used 12875K, capacity 13882K, committed 14208K, reserved 1048576K
}
Event: 70.082 GC heap after
{Heap after GC invocations=99 (full 0):
 garbage-first heap   total 220160K, used 151127K [0x0000000080000000, 0x0000000100000000)
  region size 1024K, 4 young (4096K), 4 survivors (4096K)
 Metaspace       used 102413K, capacity 105289K, committed 106192K, reserved 1140736K
  class space    used 12875K, capacity 13882K, committed 14208K, reserved 1048576K
}
Event: 70.202 GC heap before
{Heap before GC invocations=99 (full 0):
 garbage-first heap   total 220160K, used 189015K [0x0000000080000000, 0x0000000100000000)
  region size 1024K, 41 young (41984K), 4 survivors (4096K)
 Metaspace       used 102432K, capacity 105350K, committed 106192K, reserved 1140736K
  class space    used 12877K, capacity 13881K, committed 14208K, reserved 1048576K
}
Event: 70.243 GC heap after
{Heap after GC invocations=100 (full 0):
 garbage-first heap   total 220160K, used 152727K [0x0000000080000000, 0x0000000100000000)
  region size 1024K, 3 young (3072K), 3 survivors (3072K)
 Metaspace       used 102432K, capacity 105350K, committed 106192K, reserved 1140736K
  class space    used 12877K, capacity 13881K, committed 14208K, reserved 1048576K
}
Event: 70.301 GC heap before
{Heap before GC invocations=101 (full 0):
 garbage-first heap   total 220160K, used 188567K [0x0000000080000000, 0x0000000100000000)
  region size 1024K, 39 young (39936K), 3 survivors (3072K)
 Metaspace       used 102488K, capacity 105350K, committed 106192K, reserved 1140736K
  class space    used 12884K, capacity 13881K, committed 14208K, reserved 1048576K
}

